isf > autorun
[*] Autorun ON

Exploit Autorun List
====================

  0) apply
  1) touch all
  2) prompt confirm
  3) execute


Payload Autorun List
====================

  0) apply
  1) prompt confirm
  2) execute


isf > setg ISFStorage D:\isf\isf\storage
[+] Set ISFStorage =>. D:\isf\isf\storage
isf > setg

Module: Global Variables
========================

  Name                      Value                                                 
  ----                      -----                                                 
  ResourcesDir              c:\isf\Resources                                      
  Color                     True                                                  
  ShowHiddenParameters      False                                                 
  LogDir                    D:\isf\isf\logs11                                     
  ISFStorage                D:\isf\isf\storage                                    
  TmpDir                    D:\isf\isf\logs11                                     
  NetworkTimeout            60                                                    

isf > EOF
