isf > autorun
[*] Autorun ON

Exploit Autorun List
====================

  0) apply
  1) touch all
  2) prompt confirm
  3) execute


Payload Autorun List
====================

  0) apply
  1) prompt confirm
  2) execute


isf > setg ISFStorage D:\isf\isf\storage
[+] Set ISFStorage =>. D:\isf\isf\storage
isf > show

Plugin Categories
=================

  Category     Active Plugin
  --------     -------------
  Exploit      None
  Payload      None

isf > info

                                   ???
                             ???????????????
                          ?????           ?????
                       ????                   ????
                     ????                       ????
                    ???                           ???
                   ???             ??              ???
                  ???           ????????            ???
                 ???           ???????????           ???
                 ???          ?????????????          ???
                 ??          ???????????????          ??
                 ??         ?????????????????         ??
                 ??        ??????       ?????         ??
                 ??            ???????????            ??
                 ??            ???????????            ??
                 ??             ?????????             ??
                 ???             ???????             ???
                 ???              ?????              ???
                  ???          ???????????          ???
                   ???      ?????????????????      ???
                    ???   ????????????????????    ???
                      ?????????????????????????????
                       ???????????????????????????
                          ?????????????????????
                             ---ICSMASTER---

+ - - - - - + [ Version 1.1.1                           ] + - - - - - + 
+ - - - - - + [ 2 Exploits                              ] + - - - - - + 
+ - - - - - + [ 15 Payloads                             ] + - - - - - + 
+ - - - - - + [ MADE BY ICSMASTER. HTTP://ICSMASTER.COM ] + - - - - - + 

isf > show

Plugin Categories
=================

  Category     Active Plugin
  --------     -------------
  Exploit      None
  Payload      None

