
                                   ???
                             ???????????????
                          ?????           ?????
                       ????                   ????
                     ????                       ????
                    ???                           ???
                   ???             ??              ???
                  ???           ????????            ???
                 ???           ???????????           ???
                 ???          ?????????????          ???
                 ??          ???????????????          ??
                 ??         ?????????????????         ??
                 ??        ??????       ?????         ??
                 ??            ???????????            ??
                 ??            ???????????            ??
                 ??             ?????????             ??
                 ???             ???????             ???
                 ???              ?????              ???
                  ???          ???????????          ???
                   ???      ?????????????????      ???
                    ???   ????????????????????    ???
                      ?????????????????????????????
                       ???????????????????????????
                          ?????????????????????
                             ---ICSMASTER---

+ - - - - - + [ Version 1.1.1                           ] + - - - - - + 
+ - - - - - + [ MADE BY ICSMASTER. HTTP://ICSMASTER.COM ] + - - - - - + 

[*] Loading Plugins
isf > echo Initializing isf v1.1.1
[*] Initializing isf v1.1.1
isf > echo Adding Global Variables
[*] Adding Global Variables
isf > setg ResourcesDir c:\isf\Resources
[+] Set ResourcesDir =>. c:\isf\Resources
isf > setg Color True
[+] Set Color =>. True
isf > setg ShowHiddenParameters False
[+] Set ShowHiddenParameters =>. False
isf > setg NetworkTimeout 60
[+] Set NetworkTimeout =>. 60
isf > setg LogDir D:\isf\isf\logs11
[+] Set LogDir =>. D:\isf\isf\logs11
