isf > autorun
[*] Autorun ON

Exploit Autorun List
====================

  0) apply
  1) touch all
  2) prompt confirm
  3) execute


Payload Autorun List
====================

  0) apply
  1) prompt confirm
  2) execute


isf > setg FbStorage D:\isf\isf\storage
[+] Set FbStorage =>. D:\isf\isf\storage
isf > 
isf > info

                                   ???
                             ???????????????
                          ?????           ?????
                       ????                   ????
                     ????                       ????
                    ???                           ???
                   ???             ??              ???
                  ???           ????????            ???
                 ???           ???????????           ???
                 ???          ?????????????          ???
                 ??          ???????????????          ??
                 ??         ?????????????????         ??
                 ??        ??????       ?????         ??
                 ??            ???????????            ??
                 ??            ???????????            ??
                 ??             ?????????             ??
                 ???             ???????             ???
                 ???              ?????              ???
                  ???          ???????????          ???
                   ???      ?????????????????      ???
                    ???   ????????????????????    ???
                      ?????????????????????????????
                       ???????????????????????????
                          ?????????????????????
                             ---ICSMASTER---

+ - - - - - + [ Version 1.1.1                           ] + - - - - - + 
+ - - - - - + [ 2 Exploits                              ] + - - - - - + 
+ - - - - - + [ MADE BY ICSMASTER. HTTP://ICSMASTER.COM ] + - - - - - + 

isf > show Exploit

Plugin Category: Exploit
========================

  Name                            Version
  ----                            -------
  Test_MM                         3.1.0
  siemens_300_400_cpu_control     1.1.0

isf > 
isf > EOF
